0:100  0:100  MemLog inited, TSC freq: 3192445830
0:100  0:000  CPU was calibrated with RTC
0:100  0:000  
0:100  0:000  Now is 18.4.2019,  12:34:34 (GMT)
0:100  0:000  Starting Clover revision: 4920 on American Megatrends EFI
0:100  0:000  Build with: [Args: -nb -mc --no-usb -D NO_GRUB_DRIVERS_EMBEDDED | -D DISABLE_USB_SUPPORT -D NO_GRUB_DRIVERS_EMBEDDED -D USE_BIOS_BLOCKIO -D USE_LOW_EBDA -D HAVE_LEGACY_EMURUNTIMEDXE -a X64 -b RELEASE -t XCODE8 -n 5 | OS: 10.13.6 | XCODE: 10.1]
0:100  0:000  SelfDevicePath=PciRoot(0x0)\Pci(0x17,0x0)\Sata(0x0,0xFFFF,0x0)\HD(1,GPT,AE4B71FB-95C4-4A76-B8DC-292BCEAC30B7,0x28,0x64000) @3588F518
0:100  0:000  SelfDirPath = \EFI\BOOT
0:103  0:002  === [ Get Smbios ] ========================================
0:103  0:000  Type 16 Index = 0
0:103  0:000  Total Memory Slots Count = 4
0:103  0:000  Type 17 Index = 0
0:103  0:000  Ignoring insane frequency value 0MHz
0:103  0:000  SmbiosTable.Type17->Speed = 0MHz
0:103  0:000  SmbiosTable.Type17->Size = 0MB
0:103  0:000  SmbiosTable.Type17->Bank/Device = BANK 0 ChannelA-DIMM0
0:103  0:000  SmbiosTable.Type17->Vendor = <null string>
0:103  0:000  SmbiosTable.Type17->SerialNumber = <null string>
0:103  0:000  SmbiosTable.Type17->PartNumber = <null string>
0:103  0:000  Type 17 Index = 1
0:103  0:000  SmbiosTable.Type17->Speed = 2400MHz
0:103  0:000  SmbiosTable.Type17->Size = 8192MB
0:103  0:000  SmbiosTable.Type17->Bank/Device = BANK 1 ChannelA-DIMM1
0:103  0:000  SmbiosTable.Type17->Vendor = 04CD
0:103  0:000  SmbiosTable.Type17->SerialNumber = 00000000
0:103  0:000  SmbiosTable.Type17->PartNumber = F4-2400C15-8GVR     
0:103  0:000  Type 17 Index = 2
0:103  0:000  Ignoring insane frequency value 0MHz
0:103  0:000  SmbiosTable.Type17->Speed = 0MHz
0:103  0:000  SmbiosTable.Type17->Size = 0MB
0:103  0:000  SmbiosTable.Type17->Bank/Device = BANK 2 ChannelB-DIMM0
0:103  0:000  SmbiosTable.Type17->Vendor = <null string>
0:103  0:000  SmbiosTable.Type17->SerialNumber = <null string>
0:103  0:000  SmbiosTable.Type17->PartNumber = <null string>
0:103  0:000  Type 17 Index = 3
0:103  0:000  SmbiosTable.Type17->Speed = 2400MHz
0:103  0:000  SmbiosTable.Type17->Size = 8192MB
0:103  0:000  SmbiosTable.Type17->Bank/Device = BANK 3 ChannelB-DIMM1
0:103  0:000  SmbiosTable.Type17->Vendor = 04CD
0:103  0:000  SmbiosTable.Type17->SerialNumber = 00000000
0:103  0:000  SmbiosTable.Type17->PartNumber = F4-2400C15-8GVR     
0:103  0:000  Boot status=0
0:103  0:000  Running on: 'Z390 AORUS PRO WIFI' with board 'Z390 AORUS PRO WIFI-CF'
0:103  0:000  === [ GetCPUProperties ] ==================================
0:103  0:000  CPU Vendor = 756E6547 Model=906EA
0:103  0:000   The CPU supported SSE4.1
0:103  0:000  BrandString = Intel(R) Core(TM) i7-8700 CPU @ 3.20GHz
0:103  0:000   The CPU supported turbo
0:103  0:000  MSR 0x35               6000C
0:103  0:000   TSC/CCC Information Leaf:
0:103  0:000    numerator     : 266
0:103  0:000    denominator   : 2
0:103  0:000   Calibrated ARTFrequency: 24003352
0:103  0:000  MSR 0xE2 before patch 1E008000
0:103  0:000  MSR 0xE2 is locked, PM patches will be turned on
0:103  0:000  MSR 0xCE              08080838_F1012000
0:103  0:000  corrected FLEX_RATIO = 0
0:103  0:000  FSBFrequency = 134 MHz, DMI FSBFrequency = 100 MHz, Corrected FSBFrequency = 100 MHz
0:103  0:000  MaxDiv/MinDiv: 32.0/8
0:103  0:000  Turbo: 43/44/45/46
0:103  0:000  Features: 0xBFEBFBFF
0:103  0:000  Threads: 12
0:103  0:000  Cores: 6
0:103  0:000  FSB: 100 MHz
0:103  0:000  CPU: 4257 MHz
0:103  0:000  TSC: 4257 MHz
0:103  0:000  PIS: 100 MHz
0:103  0:000  ExternalClock: 25 MHz
0:103  0:000  === [ GetDevices ] ========================================
0:103  0:000  PCI (00|00:00.00) : 8086 3EC2 class=060000
0:103  0:000  PCI (00|00:01.00) : 8086 1901 class=060400
0:103  0:000  PCI (00|01:00.00) : 1002 67DF class=030000
0:103  0:000   - GFX: Model=AMD Radeon RX 480 (ATI/AMD)
0:103  0:000  PCI (00|01:00.01) : 1002 AAF0 class=040300
0:103  0:000   - HDMI Audio: 
0:103  0:000  PCI (00|00:02.00) : 8086 3E92 class=038000
0:103  0:000   - GFX: Model=Intel UHD Graphics 630 (Intel)
0:103  0:000  PCI (00|00:12.00) : 8086 A379 class=118000
0:103  0:000  PCI (00|00:14.00) : 8086 A36D class=0C0330
0:103  0:000  PCI (00|00:14.02) : 8086 A36F class=050000
0:103  0:000  PCI (00|00:16.00) : 8086 A360 class=078000
0:103  0:000  PCI (00|00:17.00) : 8086 A352 class=010601
0:103  0:000  PCI (00|00:1B.00) : 8086 A340 class=060400
0:103  0:000  PCI (00|00:1C.00) : 8086 A338 class=060400
0:103  0:000  PCI (00|00:1C.07) : 8086 A33F class=060400
0:103  0:000  PCI (00|04:00.00) : 14E4 43BA class=028000
0:103  0:000   - WIFI: Vendor=Broadcom
0:103  0:000  PCI (00|00:1D.00) : 8086 A330 class=060400
0:103  0:000  PCI (00|00:1F.00) : 8086 A305 class=060100
0:103  0:000  PCI (00|00:1F.03) : 8086 A348 class=040300
0:103  0:000  PCI (00|00:1F.04) : 8086 A323 class=0C0500
0:103  0:000  PCI (00|00:1F.05) : 8086 A324 class=0C8000
0:103  0:000  PCI (00|00:1F.06) : 8086 15BC class=020000
0:103  0:000   - LAN: 0 Vendor=Intel
0:103  0:000  === [ GetDefaultSettings ] ================================
0:103  0:000  Clover load options size = 0 bytes
0:109  0:005  EFI\CLOVER\config.plist loaded: Success
0:113  0:004  === [ GetListOfThemes ] ===================================
0:115  0:001  - [00]: ClassicalDark - bad theme because theme.plist nor theme.svg can't be load
0:117  0:002  - [00]: embedded
0:119  0:002  - [00]: Lightness
0:124  0:004  - [01]: random
0:125  0:001  - [01]: tonymacx86
0:129  0:004  === [ Found config plists ] ===============================
0:130  0:001  - config.plist
0:131  0:001  - config ˜ù.plist
0:133  0:001  - config-old2.plist
0:134  0:001  - config ˜ù 2.plist
0:135  0:000  === [ GetEarlyUserSettings ] ==============================
0:135  0:000  timeout set to 5
0:135  0:000  Custom boot CUSTOM_BOOT_DISABLED (0x0)
0:135  0:000  KextsToPatch: 1 requested
0:135  0:000   - [00]: AppleAHCIPort (External icons patch) :: BinPatch :: data len: 8
0:135  0:000  Default theme: Lightness
0:135  0:000  Hiding entries with string Recovery
0:135  0:000  Hiding entries with string Preboot
0:135  0:000  === [ LoadDrivers ] =======================================
0:138  0:003  Loading ApfsDriverLoader-64.efi  status=Success
0:143  0:004   - driver needs connecting
0:143  0:000  Loading PartitionDxe-64.efi  status=Success
0:145  0:002   - driver needs connecting
0:145  0:000  Loading EmuVariableUefi-64.efi  status=Success
0:149  0:003  EmuVariableUefi Initialize: VariableCommonInitialize = Success, orig services stored, install gEmuVariableControlProtocolGuid = Success
0:149  0:000  Loading SMCHelper-64.efi  status=Success
0:152  0:003  Loading HFSPlus-64.efi  status=Success
0:155  0:002   - driver needs connecting
0:155  0:000  Loading AptioMemoryFix-64.efi  status=Success
0:160  0:004  Loading NvmExpressDxe-64.efi  status=Success
0:162  0:002   - driver needs connecting
0:163  0:001  4 drivers needs connecting ...
0:163  0:000  PlatformDriverOverrideProtocol not found. Installing ... Success
0:163  0:000  Partition driver loaded: 
0:163  0:000  HFS+ driver loaded
0:163  0:000  APFS driver loaded
0:163  0:000  Searching for invalid DiskIo BY_DRIVER connects: not found, all ok
0:711  0:548  EmuVariable InstallEmulation: orig vars copied, emu.var.services installed, CreateEvent VirtualAddressChange = Success, CreateEvent ExitBootServices = Success, set Status=Success
0:733  0:021  === [ InitScreen ] ========================================
0:733  0:000  Console modes reported: 6, available modes:
0:733  0:000   - [01]: 80x25 (current mode)
0:733  0:000   - [02]: 80x50
0:733  0:000   - [03]: 100x31
0:733  0:000   - [04]: 127x33
0:733  0:000   - [06]: 120x50
0:733  0:000  SetMaxResolution: found best mode 0: 1920x1080
0:754  0:021  Video mode change to mode #0: Success
0:754  0:000   - set
0:754  0:000  reinit: self device path=PciRoot(0x0)\Pci(0x17,0x0)\Sata(0x0,0xFFFF,0x0)\HD(1,GPT,AE4B71FB-95C4-4A76-B8DC-292BCEAC30B7,0x28,0x64000)
0:756  0:001  Using embedded font: Success
0:756  0:000  === [ GetMacAddress ] =====================================
0:756  0:000  MAC address of LAN #0= B4:2E:99:33:20:25:
0:756  0:000  === [ ScanSPD ] ===========================================
0:757  0:000  Scanning SMBus [8086:A323], mmio: 0x1116004, ioport: 0xEFA0, hostc: 0x11
0:774  0:017  Slot: 1 Type 26 8192MB 2132MHz Vendor=G Skill Intl PartNo=F4-2400C15-8GVR SerialNo=0000000000000000
0:791  0:017  Slot: 3 Type 26 8192MB 2132MHz Vendor=G Skill Intl PartNo=F4-2400C15-8GVR SerialNo=0000000000000000
0:792  0:000  === [ GetAcpiTablesList ] =================================
0:792  0:000  Get Acpi Tables List from RSDT:
0:792  0:000   - [00]: FACP  A M I len=132
0:792  0:000   - [01]: APIC  A M I len=244
0:792  0:000   - [02]: FPDT  A M I len=68
0:792  0:000   - [03]: FIDT  A M I len=156
0:792  0:000   - [04]: MCFG  A M I len=60
0:792  0:000   - [05]: SSDT  A M I len=516
0:792  0:000   - [06]: SSDT  A M I len=6101
0:792  0:000   - [07]: SSDT  A M I len=29974
0:792  0:000   - [08]: SSDT  A M I len=12743
0:792  0:000   - [09]: SSDT  A M I len=9048
0:792  0:000   - [10]: HPET  A M I len=56
0:792  0:000   - [11]: SSDT  A M I len=3998
0:792  0:000   - [12]: SSDT  A M I len=11547
0:792  0:000   - [13]: UEFI  A M I len=66
0:792  0:000   - [14]: LPIT  A M I len=92
0:792  0:000   - [15]: SSDT  A M I len=10206
0:792  0:000   - [16]: SSDT  A M I len=4094
0:792  0:000   - [17]: DBGP  A M I len=52
0:792  0:000   - [18]: DBG2  A M I len=84
0:792  0:000   - [19]: VFCT  A M I len=61060
0:792  0:000   - [20]: BGRT  A M I len=56
0:792  0:000   - [21]: WSMT  A M I len=40
0:792  0:000  Calibrated TSC Frequency = 3192445830 = 3192MHz
0:792  0:000  === [ GetUserSettings ] ===================================
0:792  0:000  USB FixOwnership: yes
0:792  0:000  Dropping 2 tables:
0:792  0:000   - [00]: Drop table  signature="DMAR" (52414D44)
0:792  0:000           - set table: 52414D44,                0 to drop: no
0:792  0:000   - [01]: Drop table  signature="MATS" (5354414D)
0:792  0:000           - set table: 5354414D,                0 to drop: no
0:792  0:000   - final DSDT Fix mask=0006015C
0:792  0:000  PatchesDSDT: 5 requested
0:792  0:000   - [00]: (change SAT0 to SATA) lenToFind: 4, lenToReplace: 4, Target Bridge: <null string>
0:792  0:000   - [01]: (change GFX0 to IGPU) lenToFind: 4, lenToReplace: 4, Target Bridge: <null string>
0:792  0:000   - [02]: (change EHC1 to EH01) lenToFind: 4, lenToReplace: 4, Target Bridge: <null string>
0:792  0:000   - [03]: (change EHC2 to EH02) lenToFind: 4, lenToReplace: 4, Target Bridge: <null string>
0:792  0:000   - [04]: (change XHC1 to XHC) lenToFind: 6, lenToReplace: 6, Target Bridge: <null string>
0:792  0:000  Using ProductName from config: iMac18,3
0:792  0:000  Using latest BiosVersion from clover
0:792  0:000  BiosVersion: IM183.88Z.F000.B00.1902181222
0:792  0:000  BiosReleaseDate: 02/18/2019
0:792  0:000  Using EfiVersion from config: 166.0.0.0.0
0:792  0:000  Using FirmwareFeatures from config: 0xFC0FE137
0:792  0:000  Using FirmwareFeaturesMask from config: 0xFF1FFF3F
0:792  0:000  Board-ID set from config as Mac-BE088AF8C5EB4FA2
0:792  0:000  BoardType: 0xA
0:792  0:000  ChassisType: 0x9
0:795  0:002  === [ Found DSDT tables ] =================================
0:870  0:075  === [ ScanVolumes ] =======================================
0:870  0:000  Found 18 volumes with blockIO
0:870  0:000  - [00]: Volume: PciRoot(0x0)\Pci(0x17,0x0)\Sata(0x0,0xFFFF,0x0)
0:871  0:000  - [01]: Volume: PciRoot(0x0)\Pci(0x17,0x0)\Sata(0x1,0xFFFF,0x0)
0:871  0:000  - [02]: Volume: PciRoot(0x0)\Pci(0x17,0x0)\Sata(0x2,0xFFFF,0x0)
0:872  0:000  - [03]: Volume: PciRoot(0x0)\Pci(0x17,0x0)\Sata(0x3,0xFFFF,0x0)
0:873  0:000  - [04]: Volume: PciRoot(0x0)\Pci(0x17,0x0)\Sata(0x0,0xFFFF,0x0)\HD(1,GPT,AE4B71FB-95C4-4A76-B8DC-292BCEAC30B7,0x28,0x64000)
0:873  0:000          Result of bootcode detection: bootable unknown (legacy)
0:874  0:001          This is SelfVolume !!
0:874  0:000  - [05]: Volume: PciRoot(0x0)\Pci(0x17,0x0)\Sata(0x0,0xFFFF,0x0)\HD(2,GPT,19DBD4BB-14D3-43FE-8493-750467D9A969,0x64028,0x3A321FE0)
0:875  0:000          Result of bootcode detection: bootable unknown (legacy)
0:875  0:000  - [06]: Volume: PciRoot(0x0)\Pci(0x17,0x0)\Sata(0x1,0xFFFF,0x0)\HD(1,GPT,ECC9789F-2BD7-4722-B96B-5014FACE2CAC,0x800,0xF9800)
0:876  0:000          Result of bootcode detection: bootable Windows (vista,win)
0:876  0:000  - [07]: Volume: PciRoot(0x0)\Pci(0x17,0x0)\Sata(0x1,0xFFFF,0x0)\HD(2,GPT,0DD9BEA2-2FB8-4602-80F3-9807541B4D70,0xFA000,0x32000)
0:876  0:000          Result of bootcode detection: bootable Windows (vista,win)
0:878  0:002  - [08]: Volume: PciRoot(0x0)\Pci(0x17,0x0)\Sata(0x1,0xFFFF,0x0)\HD(3,GPT,097C21F2-73BA-4065-AA7D-330C78B22DAA,0x12C000,0x8000)
0:879  0:000  - [09]: Volume: PciRoot(0x0)\Pci(0x17,0x0)\Sata(0x1,0xFFFF,0x0)\HD(4,GPT,105DB1B6-ED38-40EB-813C-E1CB358754BC,0x134000,0x760C800)
0:879  0:000          Result of bootcode detection: bootable Windows (vista,win)
0:879  0:000  - [10]: Volume: PciRoot(0x0)\Pci(0x17,0x0)\Sata(0x2,0xFFFF,0x0)\HD(1,GPT,70DCF5DF-5D7F-4318-B0C7-5AD277C5CEEC,0x28,0x64000)
0:880  0:000          Result of bootcode detection: bootable unknown (legacy)
0:880  0:000  - [11]: Volume: PciRoot(0x0)\Pci(0x17,0x0)\Sata(0x2,0xFFFF,0x0)\HD(2,GPT,B909D084-584F-4BB1-8496-7DDC278692E7,0x64028,0x74662D60)
0:881  0:000  - [12]: Volume: PciRoot(0x0)\Pci(0x17,0x0)\Sata(0x3,0xFFFF,0x0)\HD(1,GPT,28F1D0EF-DD15-468B-AE3B-ADE761A8D0BC,0x28,0x64000)
0:882  0:000          Result of bootcode detection: bootable unknown (legacy)
0:882  0:000  - [13]: Volume: PciRoot(0x0)\Pci(0x17,0x0)\Sata(0x3,0xFFFF,0x0)\HD(2,GPT,E93FBCDD-E81B-4655-9906-84F477E1E7BB,0x64800,0x3A321800)
0:883  0:000          Result of bootcode detection: bootable Windows (vista,win)
0:883  0:000  - [14]: Volume: PciRoot(0x0)\Pci(0x17,0x0)\Sata(0x0,0xFFFF,0x0)\HD(2,GPT,19DBD4BB-14D3-43FE-8493-750467D9A969,0x64028,0x3A321FE0)\VenMedia(BE74FCF7-0B7C-49F3-9147-01F4042E6842,F9D00BD673FAC54894D790B6CC7C01C6)
0:883  0:000          hiding this volume
0:883  0:000  - [15]: Volume: PciRoot(0x0)\Pci(0x17,0x0)\Sata(0x0,0xFFFF,0x0)\HD(2,GPT,19DBD4BB-14D3-43FE-8493-750467D9A969,0x64028,0x3A321FE0)\VenMedia(BE74FCF7-0B7C-49F3-9147-01F4042E6842,F6370B47AB6204319F4BD7797675B90A)
0:883  0:000  - [16]: Volume: PciRoot(0x0)\Pci(0x17,0x0)\Sata(0x0,0xFFFF,0x0)\HD(2,GPT,19DBD4BB-14D3-43FE-8493-750467D9A969,0x64028,0x3A321FE0)\VenMedia(BE74FCF7-0B7C-49F3-9147-01F4042E6842,8A39ABB904F3E940BB04CA5C525F6129)
0:883  0:000          hiding this volume
0:883  0:000  - [17]: Volume: PciRoot(0x0)\Pci(0x17,0x0)\Sata(0x0,0xFFFF,0x0)\HD(2,GPT,19DBD4BB-14D3-43FE-8493-750467D9A969,0x64028,0x3A321FE0)\VenMedia(BE74FCF7-0B7C-49F3-9147-01F4042E6842,6543964E036FA14680D6847E4112F7E3)
0:888  0:005  Loading nvram.plist from Vol 'EFI' - loaded, size=2142
0:891  0:002  === [ PutNvramPlistToRtVars ] =============================
0:891  0:000   Adding Key: Clover.Theme: Size = 9, Data: 4C 69 67 68 74 6E 65 73 73 
0:891  0:000   Adding Key: EFIBluetoothDelay: Size = 2, Data: B8 0B 
0:891  0:000   Adding Key: EFILoginHiDPI: Size = 4, Data: 00 00 00 00 
0:891  0:000   Skipping EmuVariableUefiPresent
0:891  0:000   Adding Key: LocationServicesEnabled: Size = 1, Data: 01 
0:891  0:000   Adding Key: SystemAudioVolume: Size = 1, Data: 57 
0:891  0:000   Adding Key: SystemAudioVolumeDB: Size = 1, Data: 00 
0:891  0:000   Adding Key: bluetoothActiveControllerInfo: Size = 16, Data: 90 82 AC 05 00 00 00 00 51 14 A4 5E 60 EF CC F0 
0:891  0:000   Adding Key: bluetoothInternalControllerInfo: Size = 14, Data: 90 82 AC 05 00 00 51 14 A4 5E 60 EF CC F0 
0:891  0:000   Adding Key: csr-active-config: Size = 4, Data: 67 00 00 00 
0:891  0:000   Adding Key: fakesmc-key-#KEY-ui32: Size = 4, Data: 00 00 00 10 
0:891  0:000   Adding Key: fakesmc-key-$Adr-ui32: Size = 4, Data: 00 00 03 00 
0:891  0:000   Adding Key: fakesmc-key-$Num-ui8: Size = 1, Data: 01 
0:891  0:000   Adding Key: fakesmc-key-BATP-flag: Size = 1, Data: 00 
0:891  0:000   Adding Key: fakesmc-key-BEMB-flag: Size = 1, Data: 00 
0:891  0:000   Adding Key: fakesmc-key-BNum-ui8: Size = 1, Data: 00 
0:891  0:000   Adding Key: fakesmc-key-EPCI-ui32: Size = 4, Data: 09 70 F0 00 
0:891  0:000   Adding Key: fakesmc-key-MSAc-ui16: Size = 2, Data: 00 00 
0:891  0:000   Adding Key: fakesmc-key-MSFW-ui8: Size = 2, Data: 01 00 
0:891  0:000   Adding Key: fakesmc-key-MSPS-ui16: Size = 2, Data: 00 03 
0:891  0:000   Adding Key: fakesmc-key-MSTc-ui8: Size = 1, Data: 00 
0:891  0:000   Adding Key: fakesmc-key-MSWr-ui8: Size = 1, Data: 00 
0:891  0:000   Adding Key: fakesmc-key-RBr -ch8*: Size = 8, Data: 6A 31 33 33 5F 34 5F 00 
0:891  0:000   Adding Key: fakesmc-key-REV -ch8*: Size = 6, Data: 02 41 0F 00 00 01 
0:891  0:000   Adding Key: fakesmc-key-RMde-char: Size = 1, Data: 41 
0:891  0:000   Adding Key: fakesmc-key-RPlt-ch8*: Size = 8, Data: 6A 31 33 35 00 00 00 00 
0:891  0:000   Adding Key: flagstate: Size = 32, Data: 00 00 00 00 00 00 00 00 00 00 00 00 00 00 00 00 00 00 00 00 00 00 00 00 00 00 00 00 00 00 00 00 
0:891  0:000   Adding Key: fmm-computer-name: Size = 13, Data: 4C 69 6E 6B E2 80 99 73 20 69 4D 61 63 
0:891  0:000   Adding Key: security-mode: String: Size = 4, Val = 'none'
0:891  0:000   Adding Key: specialbootdevice: Size = 110, Data: 02 01 0C 00 D0 41 03 0A 00 00 00 00 01 01 06 00 00 17 03 12 0A 00 00 00 FF FF 00 00 04 01 2A 00 02 00 00 00 28 40 06 00 00 00 00 00 E0 1F 32 3A 00 00 00 00 BB D4 DB 19 D3 14 FE 43 84 93 75 04 67 D9 A9 69 02 02 04 03 24 00 F7 FC 74 BE 7C 0B F3 49 91 47 01 F4 04 2E 68 42 F6 37 0B 47 AB 62 04 31 9F 4B D7 79 76 75 B9 0A 7F FF 04 00 
0:891  0:000  No AudioIoProtocols, status=Not Found
0:891  0:000  === [ InitTheme ] =========================================
0:891  0:000  use daylight theme
0:894  0:003  Using theme 'Lightness' (EFI\CLOVER\themes\Lightness)
0:894  0:000  theme Lightness defined in NVRAM found and theme.plist parsed
0:894  0:000  OS main and drive as badge
0:897  0:002    Channels: 1  Sample rate: 44100 Hz  Bits: 16
0:897  0:000  output to channel 0 with volume 70, len=231680
0:897  0:000   sound channels=1 bits=16 freq=44100
0:897  0:000  not found AudioIo to play
0:897  0:000  free sound
0:897  0:000  sound play end with status=39E77110
0:899  0:002  Loading font from ThemeDir: Success
0:900  0:000  theme inited
0:900  0:000  Chosen theme Lightness
0:900  0:000  after NVRAM boot-args=dart=0 slide=0 keepsyms=1 debug=0x100 uia_exclude=HS14 shikigva=32 shiki-id=Mac-7BA5B2D9E42DDD94 -rad4200
0:900  0:000  === [ Dump SMC keys from NVRAM ] ==========================
0:900  0:000  found AppleSMC protocol
0:900  0:000  Registered 16 SMC keys
0:900  0:000  === [ ScanLoader ] ========================================
0:900  0:000  - [04]: 'EFI'
0:914  0:014          AddLoaderEntry for Volume Name=EFI
0:914  0:000          skipped because entry is hidden
0:914  0:000  - [07]: 'EFI'
0:928  0:013          AddLoaderEntry for Volume Name=EFI
0:941  0:012          AddLoaderEntry for Volume Name=EFI
0:941  0:000          skipped because entry is hidden
0:941  0:000  - [10]: 'EFI'
0:953  0:011  - [11]: 'Mac 1TB'
0:954  0:001          AddLoaderEntry for Volume Name=Mac 1TB
0:954  0:000          skipped because entry is hidden
0:954  0:000  - [12]: 'EFI'
0:966  0:012  - [14]: 'Preboot', hidden
0:966  0:000  - [15]: 'Mac'
1:049  0:082          AddLoaderEntry for Volume Name=Mac
1:069  0:019      hibernated: set as never
1:112  0:043          AddLoaderEntry for Volume Name=Mac
1:112  0:000          skipped because entry is hidden
1:112  0:000  - [16]: 'Recovery', hidden
1:112  0:000  - [17]: 'VM'
1:112  0:000  === [ AddCustomTool ] =====================================
1:117  0:004  EmuVariable InstallEmulation: EFI_ALREADY_STARTED
1:117  0:000  === [ GetEfiBootDeviceFromNvram ] =========================
1:117  0:000   - found entry 1. 'Boot macOS from Mac', Volume 'Mac', DevicePath 'PciRoot(0x0)\Pci(0x17,0x0)\Sata(0x0,0xFFFF,0x0)\HD(2,GPT,19DBD4BB-14D3-43FE-8493-750467D9A969,0x64028,0x3A321FE0)\VenMedia(BE74FCF7-0B7C-49F3-9147-01F4042E6842,F6370B47AB6204319F4BD7797675B90A)\System\Library\CoreServices\boot.efii'
1:117  0:000  EmuVariable UninstallEmulation: CloseEvent = Success, original var services restored
1:117  0:000  DefaultIndex=1 and MainMenu.EntryCount=6
1:284  0:167  GUI ready
